# JRE version: Java(TM) SE Runtime Environment (8.0_66-b18) (build 1.8.0_66-b18)
# Java VM: Java HotSpot(TM) 64-Bit Server VM (25.66-b18 mixed mode windows-amd64 compressed oops)
Heap:
 PSYoungGen      total 294400K, used 172245K [0x00000000d5d00000, 0x00000000ee400000, 0x0000000100000000)
  eden space 266240K, 64% used [0x00000000d5d00000,0x00000000e05355f8,0x00000000e6100000)
  from space 28160K, 0% used [0x00000000e6100000,0x00000000e6100000,0x00000000e7c80000)
  to   space 27136K, 0% used [0x00000000ec980000,0x00000000ec980000,0x00000000ee400000)
 ParOldGen       total 107520K, used 30650K [0x0000000081600000, 0x0000000087f00000, 0x00000000d5d00000)
  object space 107520K, 28% used [0x0000000081600000,0x00000000833ee9d8,0x0000000087f00000)
 Metaspace       used 40987K, capacity 41494K, committed 41904K, reserved 1085440K
  class space    used 5385K, capacity 5525K, committed 5552K, reserved 1048576K
GC Heap History (10 events):
Event: 4.689 GC heap before
{Heap before GC invocations=13 (full 1):
 PSYoungGen      total 189440K, used 184386K [0x00000000d5d00000, 0x00000000e5500000, 0x0000000100000000)
  eden space 168448K, 100% used [0x00000000d5d00000,0x00000000e0180000,0x00000000e0180000)
  from space 20992K, 75% used [0x00000000e0180000,0x00000000e11109c8,0x00000000e1600000)
  to   space 22016K, 0% used [0x00000000e3f80000,0x00000000e3f80000,0x00000000e5500000)
 ParOldGen       total 65024K, used 19809K [0x0000000081600000, 0x0000000085580000, 0x00000000d5d00000)
  object space 65024K, 30% used [0x0000000081600000,0x0000000082958490,0x0000000085580000)
 Metaspace       used 30859K, capacity 31226K, committed 31536K, reserved 1077248K
  class space    used 4006K, capacity 4112K, committed 4144K, reserved 1048576K
Event: 4.722 GC heap after
Heap after GC invocations=13 (full 1):
 PSYoungGen      total 227840K, used 21994K [0x00000000d5d00000, 0x00000000e6580000, 0x0000000100000000)
  eden space 205824K, 0% used [0x00000000d5d00000,0x00000000d5d00000,0x00000000e2600000)
  from space 22016K, 99% used [0x00000000e3f80000,0x00000000e54fab20,0x00000000e5500000)
  to   space 26112K, 0% used [0x00000000e2600000,0x00000000e2600000,0x00000000e3f80000)
 ParOldGen       total 65024K, used 22141K [0x0000000081600000, 0x0000000085580000, 0x00000000d5d00000)
  object space 65024K, 34% used [0x0000000081600000,0x0000000082b9f480,0x0000000085580000)
 Metaspace       used 30859K, capacity 31226K, committed 31536K, reserved 1077248K
  class space    used 4006K, capacity 4112K, committed 4144K, reserved 1048576K
}
Event: 5.316 GC heap before
{Heap before GC invocations=14 (full 1):
 PSYoungGen      total 227840K, used 227818K [0x00000000d5d00000, 0x00000000e6580000, 0x0000000100000000)
  eden space 205824K, 100% used [0x00000000d5d00000,0x00000000e2600000,0x00000000e2600000)
  from space 22016K, 99% used [0x00000000e3f80000,0x00000000e54fab20,0x00000000e5500000)
  to   space 26112K, 0% used [0x00000000e2600000,0x00000000e2600000,0x00000000e3f80000)
 ParOldGen       total 65024K, used 22141K [0x0000000081600000, 0x0000000085580000, 0x00000000d5d00000)
  object space 65024K, 34% used [0x0000000081600000,0x0000000082b9f480,0x0000000085580000)
 Metaspace       used 31618K, capacity 31980K, committed 32432K, reserved 1077248K
  class space    used 4109K, capacity 4211K, committed 4272K, reserved 1048576K
Event: 5.333 GC heap after
Heap after GC invocations=14 (full 1):
 PSYoungGen      total 231936K, used 23752K [0x00000000d5d00000, 0x00000000e9880000, 0x0000000100000000)
  eden space 205824K, 0% used [0x00000000d5d00000,0x00000000d5d00000,0x00000000e2600000)
  from space 26112K, 90% used [0x00000000e2600000,0x00000000e3d32210,0x00000000e3f80000)
  to   space 28672K, 0% used [0x00000000e7c80000,0x00000000e7c80000,0x00000000e9880000)
 ParOldGen       total 65024K, used 27265K [0x0000000081600000, 0x0000000085580000, 0x00000000d5d00000)
  object space 65024K, 41% used [0x0000000081600000,0x00000000830a0770,0x0000000085580000)
 Metaspace       used 31618K, capacity 31980K, committed 32432K, reserved 1077248K
  class space    used 4109K, capacity 4211K, committed 4272K, reserved 1048576K
}
Event: 5.978 GC heap before
{Heap before GC invocations=15 (full 1):
 PSYoungGen      total 231936K, used 229576K [0x00000000d5d00000, 0x00000000e9880000, 0x0000000100000000)
  eden space 205824K, 100% used [0x00000000d5d00000,0x00000000e2600000,0x00000000e2600000)
  from space 26112K, 90% used [0x00000000e2600000,0x00000000e3d32210,0x00000000e3f80000)
  to   space 28672K, 0% used [0x00000000e7c80000,0x00000000e7c80000,0x00000000e9880000)
 ParOldGen       total 65024K, used 27265K [0x0000000081600000, 0x0000000085580000, 0x00000000d5d00000)
  object space 65024K, 41% used [0x0000000081600000,0x00000000830a0770,0x0000000085580000)
 Metaspace       used 32393K, capacity 32784K, committed 33072K, reserved 1077248K
  class space    used 4226K, capacity 4345K, committed 4400K, reserved 1048576K
Event: 6.005 GC heap after
Heap after GC invocations=15 (full 1):
 PSYoungGen      total 294912K, used 16132K [0x00000000d5d00000, 0x00000000e9980000, 0x0000000100000000)
  eden space 266240K, 0% used [0x00000000d5d00000,0x00000000d5d00000,0x00000000e6100000)
  from space 28672K, 56% used [0x00000000e7c80000,0x00000000e8c411b8,0x00000000e9880000)
  to   space 28160K, 0% used [0x00000000e6100000,0x00000000e6100000,0x00000000e7c80000)
 ParOldGen       total 65024K, used 28873K [0x0000000081600000, 0x0000000085580000, 0x00000000d5d00000)
  object space 65024K, 44% used [0x0000000081600000,0x0000000083232770,0x0000000085580000)
 Metaspace       used 32393K, capacity 32784K, committed 33072K, reserved 1077248K
  class space    used 4226K, capacity 4345K, committed 4400K, reserved 1048576K
}
Event: 6.261 GC heap before
{Heap before GC invocations=16 (full 1):
 PSYoungGen      total 294912K, used 62100K [0x00000000d5d00000, 0x00000000e9980000, 0x0000000100000000)
  eden space 266240K, 17% used [0x00000000d5d00000,0x00000000d89e3ff8,0x00000000e6100000)
  from space 28672K, 56% used [0x00000000e7c80000,0x00000000e8c411b8,0x00000000e9880000)
  to   space 28160K, 0% used [0x00000000e6100000,0x00000000e6100000,0x00000000e7c80000)
 ParOldGen       total 65024K, used 28873K [0x0000000081600000, 0x0000000085580000, 0x00000000d5d00000)
  object space 65024K, 44% used [0x0000000081600000,0x0000000083232770,0x0000000085580000)
 Metaspace       used 34829K, capacity 35260K, committed 35496K, reserved 1081344K
  class space    used 4536K, capacity 4650K, committed 4656K, reserved 1048576K
Event: 6.270 GC heap after
Heap after GC invocations=16 (full 1):
 PSYoungGen      total 294400K, used 11517K [0x00000000d5d00000, 0x00000000ee400000, 0x0000000100000000)
  eden space 266240K, 0% used [0x00000000d5d00000,0x00000000d5d00000,0x00000000e6100000)
  from space 28160K, 40% used [0x00000000e6100000,0x00000000e6c3f4b8,0x00000000e7c80000)
  to   space 27136K, 0% used [0x00000000ec980000,0x00000000ec980000,0x00000000ee400000)
 ParOldGen       total 65024K, used 30513K [0x0000000081600000, 0x0000000085580000, 0x00000000d5d00000)
  object space 65024K, 46% used [0x0000000081600000,0x00000000833cc770,0x0000000085580000)
 Metaspace       used 34829K, capacity 35260K, committed 35496K, reserved 1081344K
  class space    used 4536K, capacity 4650K, committed 4656K, reserved 1048576K
}
Event: 6.270 GC heap before
{Heap before GC invocations=17 (full 2):
 PSYoungGen      total 294400K, used 11517K [0x00000000d5d00000, 0x00000000ee400000, 0x0000000100000000)
  eden space 266240K, 0% used [0x00000000d5d00000,0x00000000d5d00000,0x00000000e6100000)
  from space 28160K, 40% used [0x00000000e6100000,0x00000000e6c3f4b8,0x00000000e7c80000)
  to   space 27136K, 0% used [0x00000000ec980000,0x00000000ec980000,0x00000000ee400000)
 ParOldGen       total 65024K, used 30513K [0x0000000081600000, 0x0000000085580000, 0x00000000d5d00000)
  object space 65024K, 46% used [0x0000000081600000,0x00000000833cc770,0x0000000085580000)
 Metaspace       used 34829K, capacity 35260K, committed 35496K, reserved 1081344K
  class space    used 4536K, capacity 4650K, committed 4656K, reserved 1048576K
Event: 6.347 GC heap after
Heap after GC invocations=17 (full 2):
 PSYoungGen      total 294400K, used 0K [0x00000000d5d00000, 0x00000000ee400000, 0x0000000100000000)
  eden space 266240K, 0% used [0x00000000d5d00000,0x00000000d5d00000,0x00000000e6100000)
  from space 28160K, 0% used [0x00000000e6100000,0x00000000e6100000,0x00000000e7c80000)
  to   space 27136K, 0% used [0x00000000ec980000,0x00000000ec980000,0x00000000ee400000)
 ParOldGen       total 107520K, used 30650K [0x0000000081600000, 0x0000000087f00000, 0x00000000d5d00000)
  object space 107520K, 28% used [0x0000000081600000,0x00000000833ee9d8,0x0000000087f00000)
 Metaspace       used 34829K, capacity 35260K, committed 35496K, reserved 1081344K
  class space    used 4536K, capacity 4650K, committed 4656K, reserved 1048576K
}

